app/build/outputs/logs/manifest-merger-debug-report.txt
-- Merging decision tree log ---
manifest
ADDED from src\main\AndroidManifest.xml:1:1-39:16
	xmlns:android
		ADDED from src\main\AndroidManifest.xml:1:11-69
	package
		ADDED from src\main\AndroidManifest.xml:2:5-31
		INJECTED from src\main\AndroidManifest.xml
		INJECTED from src\main\AndroidManifest.xml
	android:versionName
		ADDED from src\main\AndroidManifest.xml:4:5-30
	android:versionCode
		ADDED from src\main\AndroidManifest.xml:3:5-28
		INJECTED from src\main\AndroidManifest.xml
		INJECTED from src\main\AndroidManifest.xml
uses-sdk
ADDED from src\main\AndroidManifest.xml:6:9-8:45
	android:targetSdkVersion
		ADDED from src\main\AndroidManifest.xml:8:13-42
		INJECTED from src\main\AndroidManifest.xml
		INJECTED from src\main\AndroidManifest.xml
	android:minSdkVersion
		ADDED from src\main\AndroidManifest.xml:7:13-38
		INJECTED from src\main\AndroidManifest.xml
		INJECTED from src\main\AndroidManifest.xml
uses-permission#android.permission.BLUETOOTH
ADDED from src\main\AndroidManifest.xml:10:9-72
	android:name
		ADDED from src\main\AndroidManifest.xml:10:26-69
uses-permission#android.permission.BLUETOOTH_ADMIN
ADDED from src\main\AndroidManifest.xml:11:9-78
	android:name
		ADDED from src\main\AndroidManifest.xml:11:26-75
uses-permission#android.permission.ACCESS_FINE_LOCATION
ADDED from src\main\AndroidManifest.xml:12:9-83
	android:name
		ADDED from src\main\AndroidManifest.xml:12:26-80
uses-permission#android.permission.WRITE_EXTERNAL_STORAGE
ADDED from src\main\AndroidManifest.xml:13:9-85
	android:name
		ADDED from src\main\AndroidManifest.xml:13:26-82
application
ADDED from src\main\AndroidManifest.xml:15:9-37:23
	android:label
		ADDED from src\main\AndroidManifest.xml:17:13-45
	android:icon
		ADDED from src\main\AndroidManifest.xml:16:13-49
	android:theme
		ADDED from src\main\AndroidManifest.xml:18:13-44
activity#com.example.tut1.MainActivity
ADDED from src\main\AndroidManifest.xml:19:13-27:24
	android:label
		ADDED from src\main\AndroidManifest.xml:21:17-60
	android:name
		ADDED from src\main\AndroidManifest.xml:20:17-45
intent-filter#android.intent.action.MAIN+android.intent.category.LAUNCHER
ADDED from src\main\AndroidManifest.xml:22:17-26:33
action#android.intent.action.MAIN
ADDED from src\main\AndroidManifest.xml:23:21-73
	android:name
		ADDED from src\main\AndroidManifest.xml:23:29-70
category#android.intent.category.LAUNCHER
ADDED from src\main\AndroidManifest.xml:25:21-81
	android:name
		ADDED from src\main\AndroidManifest.xml:25:31-78
activity#com.example.tut1.Bluetooth
ADDED from src\main\AndroidManifest.xml:28:13-36:24
	android:label
		ADDED from src\main\AndroidManifest.xml:30:17-42
	android:name
		ADDED from src\main\AndroidManifest.xml:29:17-42
intent-filter#android.intent.action.BT1+android.intent.category.DEFAULT
ADDED from src\main\AndroidManifest.xml:31:17-35:33
action#android.intent.action.BT1
ADDED from src\main\AndroidManifest.xml:32:21-72
	android:name
		ADDED from src\main\AndroidManifest.xml:32:29-69
category#android.intent.category.DEFAULT
ADDED from src\main\AndroidManifest.xml:34:21-80
	android:name
		ADDED from src\main\AndroidManifest.xml:34:31-77